<?xml version="1.0" encoding="UTF-8"?>
<!-- Generated by org.testng.reporters.JUnitXMLReporter -->
<testsuite ignored="0" hostname="LAPTOP-NK7UN7E7" failures="0" tests="6" name="Default test" time="9.336" errors="0" timestamp="2025-03-21T18:50:59 IST">
  <testcase classname="RestAssured.RestAssuredPOM.test.UserTest1" name="testPostUser" time="2.509"/>
  <testcase classname="RestAssured.RestAssuredPOM.test.UserTest1" name="testPostUser" time="1.148"/>
  <testcase classname="RestAssured.RestAssuredPOM.test.UserTest1" name="testPostUser" time="1.522"/>
  <testcase classname="RestAssured.RestAssuredPOM.test.UserTest1" name="testDeleteUser" time="1.111"/>
  <testcase classname="RestAssured.RestAssuredPOM.test.UserTest1" name="testDeleteUser" time="1.082"/>
  <testcase classname="RestAssured.RestAssuredPOM.test.UserTest1" name="testDeleteUser" time="1.131"/>
</testsuite> <!-- Default test -->
