<?xml version="1.0" encoding="UTF-8"?>
<!-- Generated by org.testng.reporters.JUnitXMLReporter -->
<testsuite ignored="0" hostname="LAPTOP-NK7UN7E7" failures="0" tests="12" name="Test" time="17.628" errors="0" timestamp="2025-03-21T20:27:03 IST">
  <testcase classname="RestAssured.RestAssuredPOM.test.UserTest2" name="testPostUser" time="2.714"/>
  <testcase classname="RestAssured.RestAssuredPOM.test.UserTest2" name="testPostUser" time="1.621"/>
  <testcase classname="RestAssured.RestAssuredPOM.test.UserTest2" name="testPostUser" time="1.091"/>
  <testcase classname="RestAssured.RestAssuredPOM.test.UserTest2" name="testDeleteUser" time="1.526"/>
  <testcase classname="RestAssured.RestAssuredPOM.test.UserTest2" name="testDeleteUser" time="1.169"/>
  <testcase classname="RestAssured.RestAssuredPOM.test.UserTest2" name="testDeleteUser" time="1.101"/>
  <testcase classname="RestAssured.RestAssuredPOM.test.UserTest1" name="testPostUser" time="1.135"/>
  <testcase classname="RestAssured.RestAssuredPOM.test.UserTest1" name="testPostUser" time="1.078"/>
  <testcase classname="RestAssured.RestAssuredPOM.test.UserTest1" name="testPostUser" time="1.152"/>
  <testcase classname="RestAssured.RestAssuredPOM.test.UserTest1" name="testDeleteUser" time="1.128"/>
  <testcase classname="RestAssured.RestAssuredPOM.test.UserTest1" name="testDeleteUser" time="1.535"/>
  <testcase classname="RestAssured.RestAssuredPOM.test.UserTest1" name="testDeleteUser" time="1.112"/>
</testsuite> <!-- Test -->
