<?xml version="1.0" encoding="UTF-8"?>
<!-- Generated by org.testng.reporters.JUnitXMLReporter -->
<testsuite ignored="0" hostname="LAPTOP-NK7UN7E7" failures="0" tests="12" name="Test" time="24.51" errors="0" timestamp="2025-03-21T20:40:39 IST">
  <testcase classname="RestAssured.RestAssuredPOM.test.UserTest2" name="testPostUser" time="3.061"/>
  <testcase classname="RestAssured.RestAssuredPOM.test.UserTest2" name="testPostUser" time="1.566"/>
  <testcase classname="RestAssured.RestAssuredPOM.test.UserTest2" name="testPostUser" time="2.855"/>
  <testcase classname="RestAssured.RestAssuredPOM.test.UserTest2" name="testDeleteUser" time="1.564"/>
  <testcase classname="RestAssured.RestAssuredPOM.test.UserTest2" name="testDeleteUser" time="1.635"/>
  <testcase classname="RestAssured.RestAssuredPOM.test.UserTest2" name="testDeleteUser" time="1.534"/>
  <testcase classname="RestAssured.RestAssuredPOM.test.UserTest1" name="testPostUser" time="1.677"/>
  <testcase classname="RestAssured.RestAssuredPOM.test.UserTest1" name="testPostUser" time="1.46"/>
  <testcase classname="RestAssured.RestAssuredPOM.test.UserTest1" name="testPostUser" time="1.506"/>
  <testcase classname="RestAssured.RestAssuredPOM.test.UserTest1" name="testDeleteUser" time="1.483"/>
  <testcase classname="RestAssured.RestAssuredPOM.test.UserTest1" name="testDeleteUser" time="1.432"/>
  <testcase classname="RestAssured.RestAssuredPOM.test.UserTest1" name="testDeleteUser" time="3.38"/>
</testsuite> <!-- Test -->
