<?xml version="1.0" encoding="UTF-8"?>
<testng-results ignored="0" total="12" passed="12" failed="0" skipped="0">
  <reporter-output>
  </reporter-output>
  <suite started-at="2025-03-21T20:40:13 IST" name="Suite" finished-at="2025-03-21T20:40:38 IST" duration-ms="24510">
    <groups>
    </groups>
    <test started-at="2025-03-21T20:40:13 IST" name="Test" finished-at="2025-03-21T20:40:38 IST" duration-ms="24510">
      <class name="RestAssured.RestAssuredPOM.test.UserTest1">
        <test-method signature="testPostUser(java.lang.String,java.lang.String,java.lang.String,java.lang.String,java.lang.String,java.lang.String,java.lang.String,java.lang.String)[pri:1, instance:RestAssured.RestAssuredPOM.test.UserTest1@1ea9f6af]" started-at="2025-03-21T20:40:27 IST" name="testPostUser" data-provider="allData" finished-at="2025-03-21T20:40:29 IST" duration-ms="1677" status="PASS">
          <params>
            <param index="0">
              <value>
                <![CDATA[101]]>
              </value>
            </param>
            <param index="1">
              <value>
                <![CDATA[user1]]>
              </value>
            </param>
            <param index="2">
              <value>
                <![CDATA[John]]>
              </value>
            </param>
            <param index="3">
              <value>
                <![CDATA[Doe]]>
              </value>
            </param>
            <param index="4">
              <value>
                <![CDATA[pass123]]>
              </value>
            </param>
            <param index="5">
              <value>
                <![CDATA[user1@example.com]]>
              </value>
            </param>
            <param index="6">
              <value>
                <![CDATA[1234567890]]>
              </value>
            </param>
            <param index="7">
              <value>
                <![CDATA[1]]>
              </value>
            </param>
          </params>
          <reporter-output>
          </reporter-output>
        </test-method> <!-- testPostUser -->
        <test-method signature="testPostUser(java.lang.String,java.lang.String,java.lang.String,java.lang.String,java.lang.String,java.lang.String,java.lang.String,java.lang.String)[pri:1, instance:RestAssured.RestAssuredPOM.test.UserTest1@1ea9f6af]" started-at="2025-03-21T20:40:29 IST" name="testPostUser" data-provider="allData" finished-at="2025-03-21T20:40:30 IST" duration-ms="1460" status="PASS">
          <params>
            <param index="0">
              <value>
                <![CDATA[102]]>
              </value>
            </param>
            <param index="1">
              <value>
                <![CDATA[user2]]>
              </value>
            </param>
            <param index="2">
              <value>
                <![CDATA[Jane]]>
              </value>
            </param>
            <param index="3">
              <value>
                <![CDATA[Smith]]>
              </value>
            </param>
            <param index="4">
              <value>
                <![CDATA[pass456]]>
              </value>
            </param>
            <param index="5">
              <value>
                <![CDATA[user2@example.com]]>
              </value>
            </param>
            <param index="6">
              <value>
                <![CDATA[9876543210]]>
              </value>
            </param>
            <param index="7">
              <value>
                <![CDATA[0]]>
              </value>
            </param>
          </params>
          <reporter-output>
          </reporter-output>
        </test-method> <!-- testPostUser -->
        <test-method signature="testPostUser(java.lang.String,java.lang.String,java.lang.String,java.lang.String,java.lang.String,java.lang.String,java.lang.String,java.lang.String)[pri:1, instance:RestAssured.RestAssuredPOM.test.UserTest1@1ea9f6af]" started-at="2025-03-21T20:40:30 IST" name="testPostUser" data-provider="allData" finished-at="2025-03-21T20:40:32 IST" duration-ms="1506" status="PASS">
          <params>
            <param index="0">
              <value>
                <![CDATA[103]]>
              </value>
            </param>
            <param index="1">
              <value>
                <![CDATA[user3]]>
              </value>
            </param>
            <param index="2">
              <value>
                <![CDATA[Alice]]>
              </value>
            </param>
            <param index="3">
              <value>
                <![CDATA[Brown]]>
              </value>
            </param>
            <param index="4">
              <value>
                <![CDATA[pass789]]>
              </value>
            </param>
            <param index="5">
              <value>
                <![CDATA[user3@example.com]]>
              </value>
            </param>
            <param index="6">
              <value>
                <![CDATA[5556667777]]>
              </value>
            </param>
            <param index="7">
              <value>
                <![CDATA[1]]>
              </value>
            </param>
          </params>
          <reporter-output>
          </reporter-output>
        </test-method> <!-- testPostUser -->
        <test-method signature="testDeleteUser(java.lang.String)[pri:4, instance:RestAssured.RestAssuredPOM.test.UserTest1@1ea9f6af]" started-at="2025-03-21T20:40:32 IST" name="testDeleteUser" data-provider="userNames" finished-at="2025-03-21T20:40:33 IST" duration-ms="1483" status="PASS">
          <params>
            <param index="0">
              <value>
                <![CDATA[101]]>
              </value>
            </param>
          </params>
          <reporter-output>
          </reporter-output>
        </test-method> <!-- testDeleteUser -->
        <test-method signature="testDeleteUser(java.lang.String)[pri:4, instance:RestAssured.RestAssuredPOM.test.UserTest1@1ea9f6af]" started-at="2025-03-21T20:40:33 IST" name="testDeleteUser" data-provider="userNames" finished-at="2025-03-21T20:40:35 IST" duration-ms="1432" status="PASS">
          <params>
            <param index="0">
              <value>
                <![CDATA[102]]>
              </value>
            </param>
          </params>
          <reporter-output>
          </reporter-output>
        </test-method> <!-- testDeleteUser -->
        <test-method signature="testDeleteUser(java.lang.String)[pri:4, instance:RestAssured.RestAssuredPOM.test.UserTest1@1ea9f6af]" started-at="2025-03-21T20:40:35 IST" name="testDeleteUser" data-provider="userNames" finished-at="2025-03-21T20:40:38 IST" duration-ms="3380" status="PASS">
          <params>
            <param index="0">
              <value>
                <![CDATA[103]]>
              </value>
            </param>
          </params>
          <reporter-output>
          </reporter-output>
        </test-method> <!-- testDeleteUser -->
      </class> <!-- RestAssured.RestAssuredPOM.test.UserTest1 -->
      <class name="RestAssured.RestAssuredPOM.test.UserTest2">
        <test-method signature="testPostUser(java.lang.String,java.lang.String,java.lang.String,java.lang.String,java.lang.String,java.lang.String,java.lang.String,java.lang.String)[pri:1, instance:RestAssured.RestAssuredPOM.test.UserTest2@2ef3eef9]" started-at="2025-03-21T20:40:15 IST" name="testPostUser" data-provider="allData" finished-at="2025-03-21T20:40:18 IST" duration-ms="3061" status="PASS">
          <params>
            <param index="0">
              <value>
                <![CDATA[101]]>
              </value>
            </param>
            <param index="1">
              <value>
                <![CDATA[user1]]>
              </value>
            </param>
            <param index="2">
              <value>
                <![CDATA[John]]>
              </value>
            </param>
            <param index="3">
              <value>
                <![CDATA[Doe]]>
              </value>
            </param>
            <param index="4">
              <value>
                <![CDATA[pass123]]>
              </value>
            </param>
            <param index="5">
              <value>
                <![CDATA[user1@example.com]]>
              </value>
            </param>
            <param index="6">
              <value>
                <![CDATA[1234567890]]>
              </value>
            </param>
            <param index="7">
              <value>
                <![CDATA[1]]>
              </value>
            </param>
          </params>
          <reporter-output>
          </reporter-output>
        </test-method> <!-- testPostUser -->
        <test-method signature="testPostUser(java.lang.String,java.lang.String,java.lang.String,java.lang.String,java.lang.String,java.lang.String,java.lang.String,java.lang.String)[pri:1, instance:RestAssured.RestAssuredPOM.test.UserTest2@2ef3eef9]" started-at="2025-03-21T20:40:18 IST" name="testPostUser" data-provider="allData" finished-at="2025-03-21T20:40:19 IST" duration-ms="1566" status="PASS">
          <params>
            <param index="0">
              <value>
                <![CDATA[102]]>
              </value>
            </param>
            <param index="1">
              <value>
                <![CDATA[user2]]>
              </value>
            </param>
            <param index="2">
              <value>
                <![CDATA[Jane]]>
              </value>
            </param>
            <param index="3">
              <value>
                <![CDATA[Smith]]>
              </value>
            </param>
            <param index="4">
              <value>
                <![CDATA[pass456]]>
              </value>
            </param>
            <param index="5">
              <value>
                <![CDATA[user2@example.com]]>
              </value>
            </param>
            <param index="6">
              <value>
                <![CDATA[9876543210]]>
              </value>
            </param>
            <param index="7">
              <value>
                <![CDATA[0]]>
              </value>
            </param>
          </params>
          <reporter-output>
          </reporter-output>
        </test-method> <!-- testPostUser -->
        <test-method signature="testPostUser(java.lang.String,java.lang.String,java.lang.String,java.lang.String,java.lang.String,java.lang.String,java.lang.String,java.lang.String)[pri:1, instance:RestAssured.RestAssuredPOM.test.UserTest2@2ef3eef9]" started-at="2025-03-21T20:40:19 IST" name="testPostUser" data-provider="allData" finished-at="2025-03-21T20:40:22 IST" duration-ms="2855" status="PASS">
          <params>
            <param index="0">
              <value>
                <![CDATA[103]]>
              </value>
            </param>
            <param index="1">
              <value>
                <![CDATA[user3]]>
              </value>
            </param>
            <param index="2">
              <value>
                <![CDATA[Alice]]>
              </value>
            </param>
            <param index="3">
              <value>
                <![CDATA[Brown]]>
              </value>
            </param>
            <param index="4">
              <value>
                <![CDATA[pass789]]>
              </value>
            </param>
            <param index="5">
              <value>
                <![CDATA[user3@example.com]]>
              </value>
            </param>
            <param index="6">
              <value>
                <![CDATA[5556667777]]>
              </value>
            </param>
            <param index="7">
              <value>
                <![CDATA[1]]>
              </value>
            </param>
          </params>
          <reporter-output>
          </reporter-output>
        </test-method> <!-- testPostUser -->
        <test-method signature="testDeleteUser(java.lang.String)[pri:4, instance:RestAssured.RestAssuredPOM.test.UserTest2@2ef3eef9]" started-at="2025-03-21T20:40:22 IST" name="testDeleteUser" data-provider="userNames" finished-at="2025-03-21T20:40:24 IST" duration-ms="1564" status="PASS">
          <params>
            <param index="0">
              <value>
                <![CDATA[101]]>
              </value>
            </param>
          </params>
          <reporter-output>
          </reporter-output>
        </test-method> <!-- testDeleteUser -->
        <test-method signature="testDeleteUser(java.lang.String)[pri:4, instance:RestAssured.RestAssuredPOM.test.UserTest2@2ef3eef9]" started-at="2025-03-21T20:40:24 IST" name="testDeleteUser" data-provider="userNames" finished-at="2025-03-21T20:40:25 IST" duration-ms="1635" status="PASS">
          <params>
            <param index="0">
              <value>
                <![CDATA[102]]>
              </value>
            </param>
          </params>
          <reporter-output>
          </reporter-output>
        </test-method> <!-- testDeleteUser -->
        <test-method signature="testDeleteUser(java.lang.String)[pri:4, instance:RestAssured.RestAssuredPOM.test.UserTest2@2ef3eef9]" started-at="2025-03-21T20:40:25 IST" name="testDeleteUser" data-provider="userNames" finished-at="2025-03-21T20:40:27 IST" duration-ms="1534" status="PASS">
          <params>
            <param index="0">
              <value>
                <![CDATA[103]]>
              </value>
            </param>
          </params>
          <reporter-output>
          </reporter-output>
        </test-method> <!-- testDeleteUser -->
      </class> <!-- RestAssured.RestAssuredPOM.test.UserTest2 -->
    </test> <!-- Test -->
  </suite> <!-- Suite -->
</testng-results>
