<?xml version="1.0" encoding="UTF-8"?>
<testsuite xmlns:xsi="http://www.w3.org/2001/XMLSchema-instance" xsi:noNamespaceSchemaLocation="https://maven.apache.org/surefire/maven-surefire-plugin/xsd/surefire-test-report.xsd" version="3.0.2" name="TestSuite" time="25.729" tests="12" errors="0" skipped="0" failures="0">
  <properties>
[...]
</properties>
  <testcase name="testPostUser[101, user1, John, Doe, pass123, user1@example.com, 1234567890, 1](1)" classname="RestAssured.RestAssuredPOM.test.UserTest2" time="3.068">
    <system-out><![CDATA[HTTP/1.1 200 OK
Date: Fri, 21 Mar 2025 15:10:18 GMT
Content-Type: application/json
Transfer-Encoding: chunked
Connection: keep-alive
Access-Control-Allow-Origin: *
Access-Control-Allow-Methods: GET, POST, DELETE, PUT
Access-Control-Allow-Headers: Content-Type, api_key, Authorization
Server: Jetty(9.2.9.v20150224)

{
    "code": 200,
    "type": "unknown",
    "message": "9223372036854756758"
}
]]></system-out>
    <system-err><![CDATA[SLF4J(W): No SLF4J providers were found.
SLF4J(W): Defaulting to no-operation (NOP) logger implementation
SLF4J(W): See https://www.slf4j.org/codes.html#noProviders for further details.
]]></system-err>
  </testcase>
  <testcase name="testPostUser[102, user2, Jane, Smith, pass456, user2@example.com, 9876543210, 0](2)" classname="RestAssured.RestAssuredPOM.test.UserTest2" time="1.568">
    <system-out><![CDATA[HTTP/1.1 200 OK
Date: Fri, 21 Mar 2025 15:10:20 GMT
Content-Type: application/json
Transfer-Encoding: chunked
Connection: keep-alive
Access-Control-Allow-Origin: *
Access-Control-Allow-Methods: GET, POST, DELETE, PUT
Access-Control-Allow-Headers: Content-Type, api_key, Authorization
Server: Jetty(9.2.9.v20150224)

{
    "code": 200,
    "type": "unknown",
    "message": "9223372036854756452"
}
]]></system-out>
  </testcase>
  <testcase name="testPostUser[103, user3, Alice, Brown, pass789, user3@example.com, 5556667777, 1](3)" classname="RestAssured.RestAssuredPOM.test.UserTest2" time="2.856">
    <system-out><![CDATA[HTTP/1.1 200 OK
Date: Fri, 21 Mar 2025 15:10:22 GMT
Content-Type: application/json
Transfer-Encoding: chunked
Connection: keep-alive
Access-Control-Allow-Origin: *
Access-Control-Allow-Methods: GET, POST, DELETE, PUT
Access-Control-Allow-Headers: Content-Type, api_key, Authorization
Server: Jetty(9.2.9.v20150224)

{
    "code": 200,
    "type": "unknown",
    "message": "9223372036854756453"
}
]]></system-out>
  </testcase>
  <testcase name="testDeleteUser[101](1)" classname="RestAssured.RestAssuredPOM.test.UserTest2" time="1.567">
    <system-out><![CDATA[User 101 does not exist. Skipping deletion.
]]></system-out>
  </testcase>
  <testcase name="testDeleteUser[102](2)" classname="RestAssured.RestAssuredPOM.test.UserTest2" time="1.636">
    <system-out><![CDATA[User 102 does not exist. Skipping deletion.
]]></system-out>
  </testcase>
  <testcase name="testDeleteUser[103](3)" classname="RestAssured.RestAssuredPOM.test.UserTest2" time="1.536">
    <system-out><![CDATA[User 103 does not exist. Skipping deletion.
]]></system-out>
  </testcase>
  <testcase name="testPostUser[101, user1, John, Doe, pass123, user1@example.com, 1234567890, 1](1)" classname="RestAssured.RestAssuredPOM.test.UserTest1" time="1.68">
    <system-out><![CDATA[HTTP/1.1 200 OK
Date: Fri, 21 Mar 2025 15:10:29 GMT
Content-Type: application/json
Transfer-Encoding: chunked
Connection: keep-alive
Access-Control-Allow-Origin: *
Access-Control-Allow-Methods: GET, POST, DELETE, PUT
Access-Control-Allow-Headers: Content-Type, api_key, Authorization
Server: Jetty(9.2.9.v20150224)

{
    "code": 200,
    "type": "unknown",
    "message": "9223372036854756761"
}
]]></system-out>
  </testcase>
  <testcase name="testPostUser[102, user2, Jane, Smith, pass456, user2@example.com, 9876543210, 0](2)" classname="RestAssured.RestAssuredPOM.test.UserTest1" time="1.461">
    <system-out><![CDATA[HTTP/1.1 200 OK
Date: Fri, 21 Mar 2025 15:10:31 GMT
Content-Type: application/json
Transfer-Encoding: chunked
Connection: keep-alive
Access-Control-Allow-Origin: *
Access-Control-Allow-Methods: GET, POST, DELETE, PUT
Access-Control-Allow-Headers: Content-Type, api_key, Authorization
Server: Jetty(9.2.9.v20150224)

{
    "code": 200,
    "type": "unknown",
    "message": "9223372036854756762"
}
]]></system-out>
  </testcase>
  <testcase name="testPostUser[103, user3, Alice, Brown, pass789, user3@example.com, 5556667777, 1](3)" classname="RestAssured.RestAssuredPOM.test.UserTest1" time="1.509">
    <system-out><![CDATA[HTTP/1.1 200 OK
Date: Fri, 21 Mar 2025 15:10:32 GMT
Content-Type: application/json
Transfer-Encoding: chunked
Connection: keep-alive
Access-Control-Allow-Origin: *
Access-Control-Allow-Methods: GET, POST, DELETE, PUT
Access-Control-Allow-Headers: Content-Type, api_key, Authorization
Server: Jetty(9.2.9.v20150224)

{
    "code": 200,
    "type": "unknown",
    "message": "9223372036854756763"
}
]]></system-out>
  </testcase>
  <testcase name="testDeleteUser[101](1)" classname="RestAssured.RestAssuredPOM.test.UserTest1" time="1.486">
    <system-out><![CDATA[User 101 does not exist. Skipping deletion.
]]></system-out>
  </testcase>
  <testcase name="testDeleteUser[102](2)" classname="RestAssured.RestAssuredPOM.test.UserTest1" time="1.437">
    <system-out><![CDATA[User 102 does not exist. Skipping deletion.
]]></system-out>
  </testcase>
  <testcase name="testDeleteUser[103](3)" classname="RestAssured.RestAssuredPOM.test.UserTest1" time="3.377">
    <system-out><![CDATA[User 103 does not exist. Skipping deletion.
]]></system-out>
  </testcase>
</testsuite>