<?xml version="1.0" encoding="UTF-8"?>
<!-- Generated by org.testng.reporters.JUnitXMLReporter -->
<testsuite ignored="1" hostname="LAPTOP-NK7UN7E7" failures="1" tests="3" name="Sanity Tests" time="3.516" errors="0" timestamp="2025-03-21T16:36:43 IST">
  <testcase classname="RestAssured.RestAssuredPOM.test.UserTest" name="testPostUser" time="1.169"/>
  <testcase classname="RestAssured.RestAssuredPOM.test.UserTest" name="testGetUserByName" time="1.196">
    <failure type="java.lang.AssertionError" message="expected [200] but found [404]">
      <![CDATA[java.lang.AssertionError: expected [200] but found [404]
at RestAssured.RestAssuredPOM.test.UserTest.testGetUserByName(UserTest.java:48)
at java.base/java.util.ArrayList.forEach(ArrayList.java:1597)
... Removed 32 stack frames]]>
    </failure>
  </testcase> <!-- testGetUserByName -->
  <testcase classname="RestAssured.RestAssuredPOM.test.UserTest" name="testUpdateUser" time="1.142"/>
  <testcase classname="RestAssured.RestAssuredPOM.test.UserTest" name="testDeleteUser" time="0.0">
    <ignored/>
  </testcase> <!-- testDeleteUser -->
</testsuite> <!-- Sanity Tests -->
