<?xml version="1.0" encoding="UTF-8"?>
<!-- Generated by org.testng.reporters.JUnitXMLReporter -->
<testsuite ignored="2" hostname="LAPTOP-NK7UN7E7" failures="1" tests="2" name="Smoke Tests" time="4.721" errors="0" timestamp="2025-03-21T16:36:39 IST">
  <testcase classname="RestAssured.RestAssuredPOM.test.UserTest" name="testPostUser" time="3.001"/>
  <testcase classname="RestAssured.RestAssuredPOM.test.UserTest" name="testDeleteUser" time="1.677">
    <failure type="java.lang.AssertionError" message="expected [200] but found [404]">
      <![CDATA[java.lang.AssertionError: expected [200] but found [404]
at RestAssured.RestAssuredPOM.test.UserTest.testDeleteUser(UserTest.java:63)
at java.base/java.util.ArrayList.forEach(ArrayList.java:1597)
... Removed 32 stack frames]]>
    </failure>
  </testcase> <!-- testDeleteUser -->
  <testcase classname="RestAssured.RestAssuredPOM.test.UserTest" name="testGetUserByName" time="0.0">
    <ignored/>
  </testcase> <!-- testGetUserByName -->
  <testcase classname="RestAssured.RestAssuredPOM.test.UserTest" name="testUpdateUser" time="0.0">
    <ignored/>
  </testcase> <!-- testUpdateUser -->
</testsuite> <!-- Smoke Tests -->
