<?xml version="1.0" encoding="UTF-8"?>
<testng-results ignored="0" total="12" passed="12" failed="0" skipped="0">
  <reporter-output>
  </reporter-output>
  <suite started-at="2025-03-21T20:26:45 IST" name="Suite" finished-at="2025-03-21T20:27:03 IST" duration-ms="17628">
    <groups>
    </groups>
    <test started-at="2025-03-21T20:26:45 IST" name="Test" finished-at="2025-03-21T20:27:03 IST" duration-ms="17628">
      <class name="RestAssured.RestAssuredPOM.test.UserTest1">
        <test-method signature="testPostUser(java.lang.String,java.lang.String,java.lang.String,java.lang.String,java.lang.String,java.lang.String,java.lang.String,java.lang.String)[pri:1, instance:RestAssured.RestAssuredPOM.test.UserTest1@77c2494c]" started-at="2025-03-21T20:26:56 IST" name="testPostUser" data-provider="allData" finished-at="2025-03-21T20:26:57 IST" duration-ms="1135" status="PASS">
          <params>
            <param index="0">
              <value>
                <![CDATA[101]]>
              </value>
            </param>
            <param index="1">
              <value>
                <![CDATA[user1]]>
              </value>
            </param>
            <param index="2">
              <value>
                <![CDATA[John]]>
              </value>
            </param>
            <param index="3">
              <value>
                <![CDATA[Doe]]>
              </value>
            </param>
            <param index="4">
              <value>
                <![CDATA[pass123]]>
              </value>
            </param>
            <param index="5">
              <value>
                <![CDATA[user1@example.com]]>
              </value>
            </param>
            <param index="6">
              <value>
                <![CDATA[1234567890]]>
              </value>
            </param>
            <param index="7">
              <value>
                <![CDATA[1]]>
              </value>
            </param>
          </params>
          <reporter-output>
          </reporter-output>
        </test-method> <!-- testPostUser -->
        <test-method signature="testPostUser(java.lang.String,java.lang.String,java.lang.String,java.lang.String,java.lang.String,java.lang.String,java.lang.String,java.lang.String)[pri:1, instance:RestAssured.RestAssuredPOM.test.UserTest1@77c2494c]" started-at="2025-03-21T20:26:57 IST" name="testPostUser" data-provider="allData" finished-at="2025-03-21T20:26:58 IST" duration-ms="1078" status="PASS">
          <params>
            <param index="0">
              <value>
                <![CDATA[102]]>
              </value>
            </param>
            <param index="1">
              <value>
                <![CDATA[user2]]>
              </value>
            </param>
            <param index="2">
              <value>
                <![CDATA[Jane]]>
              </value>
            </param>
            <param index="3">
              <value>
                <![CDATA[Smith]]>
              </value>
            </param>
            <param index="4">
              <value>
                <![CDATA[pass456]]>
              </value>
            </param>
            <param index="5">
              <value>
                <![CDATA[user2@example.com]]>
              </value>
            </param>
            <param index="6">
              <value>
                <![CDATA[9876543210]]>
              </value>
            </param>
            <param index="7">
              <value>
                <![CDATA[0]]>
              </value>
            </param>
          </params>
          <reporter-output>
          </reporter-output>
        </test-method> <!-- testPostUser -->
        <test-method signature="testPostUser(java.lang.String,java.lang.String,java.lang.String,java.lang.String,java.lang.String,java.lang.String,java.lang.String,java.lang.String)[pri:1, instance:RestAssured.RestAssuredPOM.test.UserTest1@77c2494c]" started-at="2025-03-21T20:26:58 IST" name="testPostUser" data-provider="allData" finished-at="2025-03-21T20:26:59 IST" duration-ms="1152" status="PASS">
          <params>
            <param index="0">
              <value>
                <![CDATA[103]]>
              </value>
            </param>
            <param index="1">
              <value>
                <![CDATA[user3]]>
              </value>
            </param>
            <param index="2">
              <value>
                <![CDATA[Alice]]>
              </value>
            </param>
            <param index="3">
              <value>
                <![CDATA[Brown]]>
              </value>
            </param>
            <param index="4">
              <value>
                <![CDATA[pass789]]>
              </value>
            </param>
            <param index="5">
              <value>
                <![CDATA[user3@example.com]]>
              </value>
            </param>
            <param index="6">
              <value>
                <![CDATA[5556667777]]>
              </value>
            </param>
            <param index="7">
              <value>
                <![CDATA[1]]>
              </value>
            </param>
          </params>
          <reporter-output>
          </reporter-output>
        </test-method> <!-- testPostUser -->
        <test-method signature="testDeleteUser(java.lang.String)[pri:4, instance:RestAssured.RestAssuredPOM.test.UserTest1@77c2494c]" started-at="2025-03-21T20:26:59 IST" name="testDeleteUser" data-provider="userNames" finished-at="2025-03-21T20:27:00 IST" duration-ms="1128" status="PASS">
          <params>
            <param index="0">
              <value>
                <![CDATA[101]]>
              </value>
            </param>
          </params>
          <reporter-output>
          </reporter-output>
        </test-method> <!-- testDeleteUser -->
        <test-method signature="testDeleteUser(java.lang.String)[pri:4, instance:RestAssured.RestAssuredPOM.test.UserTest1@77c2494c]" started-at="2025-03-21T20:27:00 IST" name="testDeleteUser" data-provider="userNames" finished-at="2025-03-21T20:27:02 IST" duration-ms="1535" status="PASS">
          <params>
            <param index="0">
              <value>
                <![CDATA[102]]>
              </value>
            </param>
          </params>
          <reporter-output>
          </reporter-output>
        </test-method> <!-- testDeleteUser -->
        <test-method signature="testDeleteUser(java.lang.String)[pri:4, instance:RestAssured.RestAssuredPOM.test.UserTest1@77c2494c]" started-at="2025-03-21T20:27:02 IST" name="testDeleteUser" data-provider="userNames" finished-at="2025-03-21T20:27:03 IST" duration-ms="1112" status="PASS">
          <params>
            <param index="0">
              <value>
                <![CDATA[103]]>
              </value>
            </param>
          </params>
          <reporter-output>
          </reporter-output>
        </test-method> <!-- testDeleteUser -->
      </class> <!-- RestAssured.RestAssuredPOM.test.UserTest1 -->
      <class name="RestAssured.RestAssuredPOM.test.UserTest2">
        <test-method signature="testPostUser(java.lang.String,java.lang.String,java.lang.String,java.lang.String,java.lang.String,java.lang.String,java.lang.String,java.lang.String)[pri:1, instance:RestAssured.RestAssuredPOM.test.UserTest2@217ed35e]" started-at="2025-03-21T20:26:46 IST" name="testPostUser" data-provider="allData" finished-at="2025-03-21T20:26:49 IST" duration-ms="2714" status="PASS">
          <params>
            <param index="0">
              <value>
                <![CDATA[101]]>
              </value>
            </param>
            <param index="1">
              <value>
                <![CDATA[user1]]>
              </value>
            </param>
            <param index="2">
              <value>
                <![CDATA[John]]>
              </value>
            </param>
            <param index="3">
              <value>
                <![CDATA[Doe]]>
              </value>
            </param>
            <param index="4">
              <value>
                <![CDATA[pass123]]>
              </value>
            </param>
            <param index="5">
              <value>
                <![CDATA[user1@example.com]]>
              </value>
            </param>
            <param index="6">
              <value>
                <![CDATA[1234567890]]>
              </value>
            </param>
            <param index="7">
              <value>
                <![CDATA[1]]>
              </value>
            </param>
          </params>
          <reporter-output>
          </reporter-output>
        </test-method> <!-- testPostUser -->
        <test-method signature="testPostUser(java.lang.String,java.lang.String,java.lang.String,java.lang.String,java.lang.String,java.lang.String,java.lang.String,java.lang.String)[pri:1, instance:RestAssured.RestAssuredPOM.test.UserTest2@217ed35e]" started-at="2025-03-21T20:26:49 IST" name="testPostUser" data-provider="allData" finished-at="2025-03-21T20:26:51 IST" duration-ms="1621" status="PASS">
          <params>
            <param index="0">
              <value>
                <![CDATA[102]]>
              </value>
            </param>
            <param index="1">
              <value>
                <![CDATA[user2]]>
              </value>
            </param>
            <param index="2">
              <value>
                <![CDATA[Jane]]>
              </value>
            </param>
            <param index="3">
              <value>
                <![CDATA[Smith]]>
              </value>
            </param>
            <param index="4">
              <value>
                <![CDATA[pass456]]>
              </value>
            </param>
            <param index="5">
              <value>
                <![CDATA[user2@example.com]]>
              </value>
            </param>
            <param index="6">
              <value>
                <![CDATA[9876543210]]>
              </value>
            </param>
            <param index="7">
              <value>
                <![CDATA[0]]>
              </value>
            </param>
          </params>
          <reporter-output>
          </reporter-output>
        </test-method> <!-- testPostUser -->
        <test-method signature="testPostUser(java.lang.String,java.lang.String,java.lang.String,java.lang.String,java.lang.String,java.lang.String,java.lang.String,java.lang.String)[pri:1, instance:RestAssured.RestAssuredPOM.test.UserTest2@217ed35e]" started-at="2025-03-21T20:26:51 IST" name="testPostUser" data-provider="allData" finished-at="2025-03-21T20:26:52 IST" duration-ms="1091" status="PASS">
          <params>
            <param index="0">
              <value>
                <![CDATA[103]]>
              </value>
            </param>
            <param index="1">
              <value>
                <![CDATA[user3]]>
              </value>
            </param>
            <param index="2">
              <value>
                <![CDATA[Alice]]>
              </value>
            </param>
            <param index="3">
              <value>
                <![CDATA[Brown]]>
              </value>
            </param>
            <param index="4">
              <value>
                <![CDATA[pass789]]>
              </value>
            </param>
            <param index="5">
              <value>
                <![CDATA[user3@example.com]]>
              </value>
            </param>
            <param index="6">
              <value>
                <![CDATA[5556667777]]>
              </value>
            </param>
            <param index="7">
              <value>
                <![CDATA[1]]>
              </value>
            </param>
          </params>
          <reporter-output>
          </reporter-output>
        </test-method> <!-- testPostUser -->
        <test-method signature="testDeleteUser(java.lang.String)[pri:4, instance:RestAssured.RestAssuredPOM.test.UserTest2@217ed35e]" started-at="2025-03-21T20:26:52 IST" name="testDeleteUser" data-provider="userNames" finished-at="2025-03-21T20:26:53 IST" duration-ms="1526" status="PASS">
          <params>
            <param index="0">
              <value>
                <![CDATA[101]]>
              </value>
            </param>
          </params>
          <reporter-output>
          </reporter-output>
        </test-method> <!-- testDeleteUser -->
        <test-method signature="testDeleteUser(java.lang.String)[pri:4, instance:RestAssured.RestAssuredPOM.test.UserTest2@217ed35e]" started-at="2025-03-21T20:26:53 IST" name="testDeleteUser" data-provider="userNames" finished-at="2025-03-21T20:26:55 IST" duration-ms="1169" status="PASS">
          <params>
            <param index="0">
              <value>
                <![CDATA[102]]>
              </value>
            </param>
          </params>
          <reporter-output>
          </reporter-output>
        </test-method> <!-- testDeleteUser -->
        <test-method signature="testDeleteUser(java.lang.String)[pri:4, instance:RestAssured.RestAssuredPOM.test.UserTest2@217ed35e]" started-at="2025-03-21T20:26:55 IST" name="testDeleteUser" data-provider="userNames" finished-at="2025-03-21T20:26:56 IST" duration-ms="1101" status="PASS">
          <params>
            <param index="0">
              <value>
                <![CDATA[103]]>
              </value>
            </param>
          </params>
          <reporter-output>
          </reporter-output>
        </test-method> <!-- testDeleteUser -->
      </class> <!-- RestAssured.RestAssuredPOM.test.UserTest2 -->
    </test> <!-- Test -->
  </suite> <!-- Suite -->
</testng-results>
