<?xml version="1.0" encoding="UTF-8"?>
<!-- Generated by org.testng.reporters.JUnitReportReporter -->
<testsuite hostname="LAPTOP-NK7UN7E7" failures="0" tests="6" name="RestAssured.RestAssuredPOM.test.UserTest2" time="9.222" errors="0" timestamp="2025-03-21T20:27:03 IST" skipped="0">
  <testcase classname="RestAssured.RestAssuredPOM.test.UserTest2" name="testPostUser" time="1.621"/>
  <testcase classname="RestAssured.RestAssuredPOM.test.UserTest2" name="testPostUser" time="2.714"/>
  <testcase classname="RestAssured.RestAssuredPOM.test.UserTest2" name="testPostUser" time="1.091"/>
  <testcase classname="RestAssured.RestAssuredPOM.test.UserTest2" name="testDeleteUser" time="1.526"/>
  <testcase classname="RestAssured.RestAssuredPOM.test.UserTest2" name="testDeleteUser" time="1.169"/>
  <testcase classname="RestAssured.RestAssuredPOM.test.UserTest2" name="testDeleteUser" time="1.101"/>
</testsuite> <!-- RestAssured.RestAssuredPOM.test.UserTest2 -->
