<?xml version="1.0" encoding="UTF-8"?>
<!-- Generated by org.testng.reporters.JUnitReportReporter -->
<testsuite hostname="LAPTOP-NK7UN7E7" failures="0" tests="6" name="RestAssured.RestAssuredPOM.test.UserTest1" time="7.140" errors="0" timestamp="2025-03-21T20:27:03 IST" skipped="0">
  <testcase classname="RestAssured.RestAssuredPOM.test.UserTest1" name="testPostUser" time="1.152"/>
  <testcase classname="RestAssured.RestAssuredPOM.test.UserTest1" name="testPostUser" time="1.135"/>
  <testcase classname="RestAssured.RestAssuredPOM.test.UserTest1" name="testPostUser" time="1.078"/>
  <testcase classname="RestAssured.RestAssuredPOM.test.UserTest1" name="testDeleteUser" time="1.128"/>
  <testcase classname="RestAssured.RestAssuredPOM.test.UserTest1" name="testDeleteUser" time="1.112"/>
  <testcase classname="RestAssured.RestAssuredPOM.test.UserTest1" name="testDeleteUser" time="1.535"/>
</testsuite> <!-- RestAssured.RestAssuredPOM.test.UserTest1 -->
