<?xml version="1.0" encoding="UTF-8"?>
<!-- Generated by org.testng.reporters.JUnitReportReporter -->
<testsuite hostname="LAPTOP-NK7UN7E7" failures="0" tests="6" name="RestAssured.RestAssuredPOM.test.UserTest2" time="12.215" errors="0" timestamp="2025-03-21T20:40:39 IST" skipped="0">
  <testcase classname="RestAssured.RestAssuredPOM.test.UserTest2" name="testPostUser" time="1.566"/>
  <testcase classname="RestAssured.RestAssuredPOM.test.UserTest2" name="testPostUser" time="3.061"/>
  <testcase classname="RestAssured.RestAssuredPOM.test.UserTest2" name="testPostUser" time="2.855"/>
  <testcase classname="RestAssured.RestAssuredPOM.test.UserTest2" name="testDeleteUser" time="1.635"/>
  <testcase classname="RestAssured.RestAssuredPOM.test.UserTest2" name="testDeleteUser" time="1.564"/>
  <testcase classname="RestAssured.RestAssuredPOM.test.UserTest2" name="testDeleteUser" time="1.534"/>
</testsuite> <!-- RestAssured.RestAssuredPOM.test.UserTest2 -->
